<?xml version="1.0" encoding="UTF-8"?>
<coverage generated="1774468036">
  <project timestamp="1774468036">
    <file name="/home/runner/work/wp-module-reset/wp-module-reset/includes/Admin/ToolsPage.php">
      <class name="NewfoldLabs\WP\Module\Reset\Admin\ToolsPage" namespace="global">
        <metrics complexity="41" methods="10" coveredmethods="7" conditionals="0" coveredconditionals="0" statements="357" coveredstatements="338" elements="367" coveredelements="345"/>
      </class>
      <line num="35" type="method" name="get_slug" visibility="public" complexity="1" crap="1" count="12"/>
      <line num="36" type="stmt" count="12"/>
      <line num="42" type="method" name="__construct" visibility="public" complexity="1" crap="1" count="26"/>
      <line num="43" type="stmt" count="26"/>
      <line num="44" type="stmt" count="26"/>
      <line num="50" type="method" name="register_page" visibility="public" complexity="1" crap="1" count="2"/>
      <line num="51" type="stmt" count="2"/>
      <line num="52" type="stmt" count="2"/>
      <line num="53" type="stmt" count="2"/>
      <line num="54" type="stmt" count="2"/>
      <line num="55" type="stmt" count="2"/>
      <line num="56" type="stmt" count="2"/>
      <line num="57" type="stmt" count="2"/>
      <line num="58" type="stmt" count="2"/>
      <line num="68" type="method" name="handle_submission" visibility="public" complexity="6" crap="6.07" count="9"/>
      <line num="71" type="stmt" count="9"/>
      <line num="72" type="stmt" count="2"/>
      <line num="77" type="stmt" count="7"/>
      <line num="78" type="stmt" count="2"/>
      <line num="79" type="stmt" count="0"/>
      <line num="84" type="stmt" count="5"/>
      <line num="85" type="stmt" count="1"/>
      <line num="88" type="stmt" count="4"/>
      <line num="98" type="method" name="handle_phase1" visibility="private" complexity="7" crap="8.19" count="4"/>
      <line num="100" type="stmt" count="4"/>
      <line num="101" type="stmt" count="1"/>
      <line num="102" type="stmt" count="1"/>
      <line num="103" type="stmt" count="1"/>
      <line num="104" type="stmt" count="1"/>
      <line num="105" type="stmt" count="1"/>
      <line num="109" type="stmt" count="3"/>
      <line num="110" type="stmt" count="1"/>
      <line num="111" type="stmt" count="1"/>
      <line num="112" type="stmt" count="1"/>
      <line num="113" type="stmt" count="1"/>
      <line num="114" type="stmt" count="1"/>
      <line num="118" type="stmt" count="2"/>
      <line num="119" type="stmt" count="2"/>
      <line num="120" type="stmt" count="2"/>
      <line num="122" type="stmt" count="2"/>
      <line num="123" type="stmt" count="1"/>
      <line num="124" type="stmt" count="1"/>
      <line num="128" type="stmt" count="1"/>
      <line num="132" type="stmt" count="1"/>
      <line num="134" type="stmt" count="1"/>
      <line num="136" type="stmt" count="1"/>
      <line num="137" type="stmt" count="1"/>
      <line num="138" type="stmt" count="1"/>
      <line num="139" type="stmt" count="1"/>
      <line num="140" type="stmt" count="1"/>
      <line num="141" type="stmt" count="1"/>
      <line num="145" type="stmt" count="0"/>
      <line num="146" type="stmt" count="0"/>
      <line num="147" type="stmt" count="0"/>
      <line num="148" type="stmt" count="0"/>
      <line num="149" type="stmt" count="0"/>
      <line num="150" type="stmt" count="0"/>
      <line num="151" type="stmt" count="0"/>
      <line num="152" type="stmt" count="0"/>
      <line num="157" type="stmt" count="0"/>
      <line num="158" type="stmt" count="0"/>
      <line num="159" type="stmt" count="0"/>
      <line num="168" type="method" name="handle_phase2" visibility="private" complexity="4" crap="4.94" count="2"/>
      <line num="170" type="stmt" count="2"/>
      <line num="171" type="stmt" count="1"/>
      <line num="172" type="stmt" count="1"/>
      <line num="173" type="stmt" count="1"/>
      <line num="174" type="stmt" count="1"/>
      <line num="175" type="stmt" count="1"/>
      <line num="179" type="stmt" count="1"/>
      <line num="180" type="stmt" count="1"/>
      <line num="182" type="stmt" count="1"/>
      <line num="183" type="stmt" count="1"/>
      <line num="184" type="stmt" count="1"/>
      <line num="185" type="stmt" count="0"/>
      <line num="189" type="stmt" count="0"/>
      <line num="192" type="stmt" count="0"/>
      <line num="194" type="stmt" count="0"/>
      <line num="197" type="stmt" count="0"/>
      <line num="200" type="stmt" count="0"/>
      <line num="201" type="stmt" count="0"/>
      <line num="207" type="method" name="render_page" visibility="public" complexity="7" crap="7" count="10"/>
      <line num="208" type="stmt" count="10"/>
      <line num="209" type="stmt" count="1"/>
      <line num="214" type="stmt" count="9"/>
      <line num="215" type="stmt" count="9"/>
      <line num="217" type="stmt" count="9"/>
      <line num="218" type="stmt" count="2"/>
      <line num="219" type="stmt" count="2"/>
      <line num="220" type="stmt" count="2"/>
      <line num="224" type="stmt" count="7"/>
      <line num="225" type="stmt" count="7"/>
      <line num="226" type="stmt" count="1"/>
      <line num="229" type="stmt" count="7"/>
      <line num="237" type="method" name="render_confirmation" visibility="private" complexity="2" crap="2" count="7"/>
      <line num="238" type="stmt" count="7"/>
      <line num="240" type="stmt" count="7"/>
      <line num="241" type="stmt" count="7"/>
      <line num="242" type="stmt" count="7"/>
      <line num="243" type="stmt" count="7"/>
      <line num="244" type="stmt" count="7"/>
      <line num="245" type="stmt" count="7"/>
      <line num="246" type="stmt" count="7"/>
      <line num="247" type="stmt" count="7"/>
      <line num="248" type="stmt" count="7"/>
      <line num="249" type="stmt" count="7"/>
      <line num="250" type="stmt" count="7"/>
      <line num="251" type="stmt" count="7"/>
      <line num="252" type="stmt" count="7"/>
      <line num="253" type="stmt" count="7"/>
      <line num="254" type="stmt" count="7"/>
      <line num="255" type="stmt" count="7"/>
      <line num="256" type="stmt" count="7"/>
      <line num="257" type="stmt" count="7"/>
      <line num="258" type="stmt" count="7"/>
      <line num="259" type="stmt" count="7"/>
      <line num="260" type="stmt" count="7"/>
      <line num="261" type="stmt" count="7"/>
      <line num="262" type="stmt" count="7"/>
      <line num="263" type="stmt" count="7"/>
      <line num="264" type="stmt" count="7"/>
      <line num="265" type="stmt" count="7"/>
      <line num="266" type="stmt" count="7"/>
      <line num="267" type="stmt" count="7"/>
      <line num="268" type="stmt" count="7"/>
      <line num="269" type="stmt" count="7"/>
      <line num="270" type="stmt" count="7"/>
      <line num="271" type="stmt" count="7"/>
      <line num="272" type="stmt" count="7"/>
      <line num="273" type="stmt" count="7"/>
      <line num="274" type="stmt" count="7"/>
      <line num="275" type="stmt" count="7"/>
      <line num="276" type="stmt" count="7"/>
      <line num="277" type="stmt" count="7"/>
      <line num="278" type="stmt" count="7"/>
      <line num="279" type="stmt" count="7"/>
      <line num="280" type="stmt" count="7"/>
      <line num="281" type="stmt" count="7"/>
      <line num="282" type="stmt" count="7"/>
      <line num="283" type="stmt" count="7"/>
      <line num="284" type="stmt" count="7"/>
      <line num="285" type="stmt" count="7"/>
      <line num="286" type="stmt" count="7"/>
      <line num="287" type="stmt" count="7"/>
      <line num="288" type="stmt" count="7"/>
      <line num="289" type="stmt" count="7"/>
      <line num="290" type="stmt" count="7"/>
      <line num="291" type="stmt" count="7"/>
      <line num="292" type="stmt" count="7"/>
      <line num="293" type="stmt" count="7"/>
      <line num="294" type="stmt" count="7"/>
      <line num="295" type="stmt" count="7"/>
      <line num="296" type="stmt" count="7"/>
      <line num="297" type="stmt" count="7"/>
      <line num="298" type="stmt" count="7"/>
      <line num="299" type="stmt" count="7"/>
      <line num="300" type="stmt" count="7"/>
      <line num="301" type="stmt" count="7"/>
      <line num="302" type="stmt" count="7"/>
      <line num="303" type="stmt" count="7"/>
      <line num="304" type="stmt" count="7"/>
      <line num="305" type="stmt" count="7"/>
      <line num="306" type="stmt" count="7"/>
      <line num="307" type="stmt" count="7"/>
      <line num="308" type="stmt" count="7"/>
      <line num="309" type="stmt" count="7"/>
      <line num="310" type="stmt" count="7"/>
      <line num="311" type="stmt" count="7"/>
      <line num="312" type="stmt" count="7"/>
      <line num="313" type="stmt" count="7"/>
      <line num="314" type="stmt" count="7"/>
      <line num="315" type="stmt" count="7"/>
      <line num="316" type="stmt" count="7"/>
      <line num="317" type="stmt" count="7"/>
      <line num="318" type="stmt" count="7"/>
      <line num="319" type="stmt" count="7"/>
      <line num="320" type="stmt" count="7"/>
      <line num="321" type="stmt" count="7"/>
      <line num="322" type="stmt" count="7"/>
      <line num="323" type="stmt" count="7"/>
      <line num="324" type="stmt" count="7"/>
      <line num="325" type="stmt" count="7"/>
      <line num="326" type="stmt" count="7"/>
      <line num="327" type="stmt" count="7"/>
      <line num="328" type="stmt" count="7"/>
      <line num="329" type="stmt" count="7"/>
      <line num="330" type="stmt" count="7"/>
      <line num="331" type="stmt" count="7"/>
      <line num="332" type="stmt" count="7"/>
      <line num="333" type="stmt" count="7"/>
      <line num="334" type="stmt" count="7"/>
      <line num="335" type="stmt" count="7"/>
      <line num="336" type="stmt" count="7"/>
      <line num="337" type="stmt" count="7"/>
      <line num="338" type="stmt" count="7"/>
      <line num="339" type="stmt" count="7"/>
      <line num="340" type="stmt" count="7"/>
      <line num="341" type="stmt" count="7"/>
      <line num="342" type="stmt" count="7"/>
      <line num="343" type="stmt" count="7"/>
      <line num="344" type="stmt" count="7"/>
      <line num="345" type="stmt" count="7"/>
      <line num="346" type="stmt" count="7"/>
      <line num="347" type="stmt" count="7"/>
      <line num="348" type="stmt" count="7"/>
      <line num="349" type="stmt" count="7"/>
      <line num="350" type="stmt" count="7"/>
      <line num="351" type="stmt" count="7"/>
      <line num="352" type="stmt" count="7"/>
      <line num="353" type="stmt" count="7"/>
      <line num="354" type="stmt" count="7"/>
      <line num="355" type="stmt" count="7"/>
      <line num="356" type="stmt" count="7"/>
      <line num="357" type="stmt" count="7"/>
      <line num="358" type="stmt" count="7"/>
      <line num="359" type="stmt" count="7"/>
      <line num="360" type="stmt" count="7"/>
      <line num="361" type="stmt" count="7"/>
      <line num="362" type="stmt" count="7"/>
      <line num="363" type="stmt" count="7"/>
      <line num="364" type="stmt" count="7"/>
      <line num="365" type="stmt" count="7"/>
      <line num="366" type="stmt" count="7"/>
      <line num="368" type="stmt" count="7"/>
      <line num="369" type="stmt" count="7"/>
      <line num="370" type="stmt" count="7"/>
      <line num="372" type="stmt" count="7"/>
      <line num="373" type="stmt" count="1"/>
      <line num="374" type="stmt" count="1"/>
      <line num="378" type="stmt" count="7"/>
      <line num="379" type="stmt" count="7"/>
      <line num="380" type="stmt" count="7"/>
      <line num="382" type="stmt" count="7"/>
      <line num="385" type="stmt" count="7"/>
      <line num="387" type="stmt" count="7"/>
      <line num="388" type="stmt" count="7"/>
      <line num="389" type="stmt" count="7"/>
      <line num="391" type="stmt" count="7"/>
      <line num="392" type="stmt" count="7"/>
      <line num="393" type="stmt" count="7"/>
      <line num="395" type="stmt" count="7"/>
      <line num="399" type="stmt" count="7"/>
      <line num="404" type="stmt" count="7"/>
      <line num="406" type="stmt" count="7"/>
      <line num="407" type="stmt" count="7"/>
      <line num="408" type="stmt" count="7"/>
      <line num="410" type="stmt" count="7"/>
      <line num="411" type="stmt" count="7"/>
      <line num="412" type="stmt" count="7"/>
      <line num="413" type="stmt" count="7"/>
      <line num="414" type="stmt" count="7"/>
      <line num="415" type="stmt" count="7"/>
      <line num="416" type="stmt" count="7"/>
      <line num="417" type="stmt" count="7"/>
      <line num="418" type="stmt" count="7"/>
      <line num="419" type="stmt" count="7"/>
      <line num="421" type="stmt" count="7"/>
      <line num="422" type="stmt" count="7"/>
      <line num="423" type="stmt" count="7"/>
      <line num="424" type="stmt" count="7"/>
      <line num="425" type="stmt" count="7"/>
      <line num="427" type="stmt" count="7"/>
      <line num="428" type="stmt" count="7"/>
      <line num="429" type="stmt" count="7"/>
      <line num="430" type="stmt" count="7"/>
      <line num="431" type="stmt" count="7"/>
      <line num="432" type="stmt" count="7"/>
      <line num="445" type="stmt" count="7"/>
      <line num="461" type="method" name="render_results" visibility="private" complexity="11" crap="11" count="2"/>
      <line num="462" type="stmt" count="2"/>
      <line num="463" type="stmt" count="2"/>
      <line num="464" type="stmt" count="2"/>
      <line num="465" type="stmt" count="2"/>
      <line num="466" type="stmt" count="2"/>
      <line num="468" type="stmt" count="2"/>
      <line num="469" type="stmt" count="2"/>
      <line num="470" type="stmt" count="2"/>
      <line num="471" type="stmt" count="2"/>
      <line num="472" type="stmt" count="2"/>
      <line num="473" type="stmt" count="2"/>
      <line num="474" type="stmt" count="2"/>
      <line num="475" type="stmt" count="2"/>
      <line num="476" type="stmt" count="2"/>
      <line num="477" type="stmt" count="2"/>
      <line num="478" type="stmt" count="2"/>
      <line num="479" type="stmt" count="2"/>
      <line num="480" type="stmt" count="2"/>
      <line num="481" type="stmt" count="2"/>
      <line num="482" type="stmt" count="2"/>
      <line num="483" type="stmt" count="2"/>
      <line num="484" type="stmt" count="2"/>
      <line num="485" type="stmt" count="2"/>
      <line num="486" type="stmt" count="2"/>
      <line num="487" type="stmt" count="2"/>
      <line num="488" type="stmt" count="2"/>
      <line num="495" type="stmt" count="2"/>
      <line num="595" type="stmt" count="2"/>
      <line num="596" type="stmt" count="2"/>
      <line num="598" type="stmt" count="2"/>
      <line num="599" type="stmt" count="1"/>
      <line num="600" type="stmt" count="1"/>
      <line num="601" type="stmt" count="1"/>
      <line num="603" type="stmt" count="1"/>
      <line num="604" type="stmt" count="1"/>
      <line num="605" type="stmt" count="1"/>
      <line num="606" type="stmt" count="1"/>
      <line num="607" type="stmt" count="1"/>
      <line num="608" type="stmt" count="1"/>
      <line num="609" type="stmt" count="1"/>
      <line num="610" type="stmt" count="1"/>
      <line num="611" type="stmt" count="1"/>
      <line num="612" type="stmt" count="1"/>
      <line num="613" type="stmt" count="1"/>
      <line num="614" type="stmt" count="1"/>
      <line num="615" type="stmt" count="1"/>
      <line num="616" type="stmt" count="1"/>
      <line num="619" type="stmt" count="1"/>
      <line num="620" type="stmt" count="1"/>
      <line num="621" type="stmt" count="1"/>
      <line num="623" type="stmt" count="1"/>
      <line num="624" type="stmt" count="1"/>
      <line num="626" type="stmt" count="1"/>
      <line num="627" type="stmt" count="1"/>
      <line num="629" type="stmt" count="1"/>
      <line num="630" type="stmt" count="1"/>
      <line num="631" type="stmt" count="1"/>
      <line num="633" type="stmt" count="1"/>
      <line num="634" type="stmt" count="1"/>
      <line num="635" type="stmt" count="1"/>
      <line num="636" type="stmt" count="1"/>
      <line num="637" type="stmt" count="1"/>
      <line num="639" type="stmt" count="1"/>
      <line num="640" type="stmt" count="1"/>
      <line num="641" type="stmt" count="1"/>
      <line num="642" type="stmt" count="1"/>
      <line num="643" type="stmt" count="1"/>
      <line num="645" type="stmt" count="1"/>
      <line num="646" type="stmt" count="1"/>
      <line num="647" type="stmt" count="1"/>
      <line num="648" type="stmt" count="1"/>
      <line num="651" type="stmt" count="1"/>
      <line num="653" type="stmt" count="1"/>
      <line num="654" type="stmt" count="1"/>
      <line num="655" type="stmt" count="1"/>
      <line num="657" type="stmt" count="1"/>
      <line num="658" type="stmt" count="1"/>
      <line num="659" type="stmt" count="1"/>
      <line num="663" type="stmt" count="1"/>
      <line num="664" type="stmt" count="1"/>
      <line num="665" type="stmt" count="1"/>
      <line num="666" type="stmt" count="1"/>
      <line num="667" type="stmt" count="1"/>
      <line num="668" type="stmt" count="1"/>
      <line num="669" type="stmt" count="1"/>
      <line num="671" type="stmt" count="1"/>
      <line num="672" type="stmt" count="1"/>
      <line num="673" type="stmt" count="1"/>
      <line num="674" type="stmt" count="1"/>
      <line num="675" type="stmt" count="1"/>
      <line num="676" type="stmt" count="1"/>
      <line num="677" type="stmt" count="1"/>
      <line num="678" type="stmt" count="1"/>
      <line num="679" type="stmt" count="2"/>
      <line num="680" type="stmt" count="2"/>
      <line num="681" type="stmt" count="2"/>
      <line num="690" type="method" name="format_step_name" visibility="private" complexity="1" crap="1" count="3"/>
      <line num="691" type="stmt" count="3"/>
      <metrics loc="694" ncloc="599" classes="1" methods="10" coveredmethods="7" conditionals="0" coveredconditionals="0" statements="357" coveredstatements="338" elements="367" coveredelements="345"/>
    </file>
    <file name="/home/runner/work/wp-module-reset/wp-module-reset/includes/Api/Controllers/ResetController.php">
      <class name="NewfoldLabs\WP\Module\Reset\Api\Controllers\ResetController" namespace="global">
        <metrics complexity="9" methods="4" coveredmethods="3" conditionals="0" coveredconditionals="0" statements="47" coveredstatements="43" elements="51" coveredelements="46"/>
      </class>
      <line num="24" type="method" name="__construct" visibility="public" complexity="1" crap="1" count="9"/>
      <line num="25" type="stmt" count="9"/>
      <line num="31" type="method" name="register_routes" visibility="public" complexity="1" crap="1" count="9"/>
      <line num="32" type="stmt" count="9"/>
      <line num="33" type="stmt" count="9"/>
      <line num="34" type="stmt" count="9"/>
      <line num="35" type="stmt" count="9"/>
      <line num="36" type="stmt" count="9"/>
      <line num="37" type="stmt" count="9"/>
      <line num="38" type="stmt" count="9"/>
      <line num="39" type="stmt" count="9"/>
      <line num="40" type="stmt" count="9"/>
      <line num="41" type="stmt" count="9"/>
      <line num="42" type="stmt" count="9"/>
      <line num="43" type="stmt" count="9"/>
      <line num="44" type="stmt" count="9"/>
      <line num="45" type="stmt" count="9"/>
      <line num="46" type="stmt" count="9"/>
      <line num="47" type="stmt" count="9"/>
      <line num="48" type="stmt" count="9"/>
      <line num="56" type="method" name="check_permission" visibility="public" complexity="2" crap="2" count="3"/>
      <line num="57" type="stmt" count="3"/>
      <line num="58" type="stmt" count="2"/>
      <line num="59" type="stmt" count="2"/>
      <line num="60" type="stmt" count="2"/>
      <line num="61" type="stmt" count="2"/>
      <line num="62" type="stmt" count="2"/>
      <line num="65" type="stmt" count="1"/>
      <line num="79" type="method" name="execute_reset" visibility="public" complexity="5" crap="5.15" count="2"/>
      <line num="80" type="stmt" count="2"/>
      <line num="81" type="stmt" count="2"/>
      <line num="82" type="stmt" count="2"/>
      <line num="84" type="stmt" count="2"/>
      <line num="85" type="stmt" count="1"/>
      <line num="86" type="stmt" count="1"/>
      <line num="87" type="stmt" count="1"/>
      <line num="88" type="stmt" count="1"/>
      <line num="89" type="stmt" count="1"/>
      <line num="93" type="stmt" count="1"/>
      <line num="95" type="stmt" count="1"/>
      <line num="96" type="stmt" count="1"/>
      <line num="97" type="stmt" count="1"/>
      <line num="98" type="stmt" count="1"/>
      <line num="99" type="stmt" count="1"/>
      <line num="100" type="stmt" count="1"/>
      <line num="101" type="stmt" count="1"/>
      <line num="102" type="stmt" count="1"/>
      <line num="106" type="stmt" count="0"/>
      <line num="108" type="stmt" count="0"/>
      <line num="109" type="stmt" count="0"/>
      <line num="112" type="stmt" count="0"/>
      <metrics loc="115" ncloc="83" classes="1" methods="4" coveredmethods="3" conditionals="0" coveredconditionals="0" statements="47" coveredstatements="43" elements="51" coveredelements="46"/>
    </file>
    <file name="/home/runner/work/wp-module-reset/wp-module-reset/includes/Api/RestApi.php">
      <class name="NewfoldLabs\WP\Module\Reset\Api\RestApi" namespace="global">
        <metrics complexity="2" methods="2" coveredmethods="2" conditionals="0" coveredconditionals="0" statements="3" coveredstatements="3" elements="5" coveredelements="5"/>
      </class>
      <line num="15" type="method" name="__construct" visibility="public" complexity="1" crap="1" count="6"/>
      <line num="16" type="stmt" count="6"/>
      <line num="22" type="method" name="register_routes" visibility="public" complexity="1" crap="1" count="1"/>
      <line num="23" type="stmt" count="1"/>
      <line num="24" type="stmt" count="1"/>
      <metrics loc="27" ncloc="18" classes="1" methods="2" coveredmethods="2" conditionals="0" coveredconditionals="0" statements="3" coveredstatements="3" elements="5" coveredelements="5"/>
    </file>
    <file name="/home/runner/work/wp-module-reset/wp-module-reset/includes/Data/BrandConfig.php">
      <class name="NewfoldLabs\WP\Module\Reset\Data\BrandConfig" namespace="global">
        <metrics complexity="10" methods="6" coveredmethods="6" conditionals="0" coveredconditionals="0" statements="13" coveredstatements="13" elements="19" coveredelements="19"/>
      </class>
      <line num="31" type="method" name="get_default_theme_slug" visibility="public" complexity="2" crap="2" count="45"/>
      <line num="32" type="stmt" count="45"/>
      <line num="33" type="stmt" count="45"/>
      <line num="41" type="method" name="get_brand_id" visibility="public" complexity="2" crap="2" count="69"/>
      <line num="43" type="stmt" count="69"/>
      <line num="44" type="stmt" count="69"/>
      <line num="45" type="stmt" count="69"/>
      <line num="54" type="method" name="get_brand_plugin_basename" visibility="public" complexity="2" crap="2" count="14"/>
      <line num="56" type="stmt" count="14"/>
      <line num="57" type="stmt" count="14"/>
      <line num="58" type="stmt" count="14"/>
      <line num="67" type="method" name="get_brand_name" visibility="public" complexity="2" crap="2" count="9"/>
      <line num="69" type="stmt" count="9"/>
      <line num="70" type="stmt" count="9"/>
      <line num="71" type="stmt" count="9"/>
      <line num="80" type="method" name="get_page_slug" visibility="public" complexity="1" crap="1" count="14"/>
      <line num="81" type="stmt" count="14"/>
      <line num="89" type="method" name="get_rest_namespace" visibility="public" complexity="1" crap="1" count="11"/>
      <line num="90" type="stmt" count="11"/>
      <metrics loc="93" ncloc="51" classes="1" methods="6" coveredmethods="6" conditionals="0" coveredconditionals="0" statements="13" coveredstatements="13" elements="19" coveredelements="19"/>
    </file>
    <file name="/home/runner/work/wp-module-reset/wp-module-reset/includes/Permissions.php">
      <class name="NewfoldLabs\WP\Module\Reset\Permissions" namespace="global">
        <metrics complexity="4" methods="2" coveredmethods="2" conditionals="0" coveredconditionals="0" statements="2" coveredstatements="2" elements="4" coveredelements="4"/>
      </class>
      <line num="20" type="method" name="is_admin" visibility="public" complexity="2" crap="2" count="18"/>
      <line num="21" type="stmt" count="18"/>
      <line num="29" type="method" name="rest_is_authorized_admin" visibility="public" complexity="2" crap="2" count="6"/>
      <line num="30" type="stmt" count="6"/>
      <metrics loc="33" ncloc="17" classes="1" methods="2" coveredmethods="2" conditionals="0" coveredconditionals="0" statements="2" coveredstatements="2" elements="4" coveredelements="4"/>
    </file>
    <file name="/home/runner/work/wp-module-reset/wp-module-reset/includes/Reset.php">
      <class name="NewfoldLabs\WP\Module\Reset\Reset" namespace="global">
        <metrics complexity="3" methods="2" coveredmethods="2" conditionals="0" coveredconditionals="0" statements="10" coveredstatements="10" elements="12" coveredelements="12"/>
      </class>
      <line num="26" type="method" name="__construct" visibility="public" complexity="2" crap="2" count="4"/>
      <line num="27" type="stmt" count="4"/>
      <line num="29" type="stmt" count="4"/>
      <line num="31" type="stmt" count="4"/>
      <line num="32" type="stmt" count="1"/>
      <line num="35" type="stmt" count="4"/>
      <line num="41" type="method" name="load_textdomain" visibility="public" complexity="1" crap="1" count="1"/>
      <line num="42" type="stmt" count="1"/>
      <line num="43" type="stmt" count="1"/>
      <line num="44" type="stmt" count="1"/>
      <line num="45" type="stmt" count="1"/>
      <line num="46" type="stmt" count="1"/>
      <metrics loc="49" ncloc="33" classes="1" methods="2" coveredmethods="2" conditionals="0" coveredconditionals="0" statements="10" coveredstatements="10" elements="12" coveredelements="12"/>
    </file>
    <file name="/home/runner/work/wp-module-reset/wp-module-reset/includes/ResetFeature.php">
      <class name="NewfoldLabs\WP\Module\Reset\ResetFeature" namespace="global">
        <metrics complexity="2" methods="1" coveredmethods="0" conditionals="0" coveredconditionals="0" statements="7" coveredstatements="6" elements="8" coveredelements="6"/>
      </class>
      <line num="28" type="method" name="initialize" visibility="public" complexity="2" crap="2.01" count="1"/>
      <line num="29" type="stmt" count="1"/>
      <line num="30" type="stmt" count="1"/>
      <line num="31" type="stmt" count="1"/>
      <line num="32" type="stmt" count="1"/>
      <line num="33" type="stmt" count="0"/>
      <line num="34" type="stmt" count="1"/>
      <line num="35" type="stmt" count="1"/>
      <metrics loc="39" ncloc="23" classes="1" methods="1" coveredmethods="0" conditionals="0" coveredconditionals="0" statements="7" coveredstatements="6" elements="8" coveredelements="6"/>
    </file>
    <file name="/home/runner/work/wp-module-reset/wp-module-reset/includes/Services/ResetService.php">
      <class name="NewfoldLabs\WP\Module\Reset\Services\ResetService" namespace="global">
        <metrics complexity="110" methods="20" coveredmethods="9" conditionals="0" coveredconditionals="0" statements="626" coveredstatements="510" elements="646" coveredelements="519"/>
      </class>
      <line num="36" type="method" name="prepare" visibility="public" complexity="8" crap="8.26" count="18"/>
      <line num="38" type="stmt" count="18"/>
      <line num="40" type="stmt" count="18"/>
      <line num="41" type="stmt" count="18"/>
      <line num="46" type="stmt" count="18"/>
      <line num="47" type="stmt" count="6"/>
      <line num="48" type="stmt" count="6"/>
      <line num="49" type="stmt" count="6"/>
      <line num="50" type="stmt" count="6"/>
      <line num="51" type="stmt" count="6"/>
      <line num="52" type="stmt" count="6"/>
      <line num="55" type="stmt" count="12"/>
      <line num="56" type="stmt" count="0"/>
      <line num="57" type="stmt" count="0"/>
      <line num="58" type="stmt" count="0"/>
      <line num="59" type="stmt" count="0"/>
      <line num="60" type="stmt" count="0"/>
      <line num="61" type="stmt" count="0"/>
      <line num="65" type="stmt" count="12"/>
      <line num="66" type="stmt" count="12"/>
      <line num="67" type="stmt" count="0"/>
      <line num="69" type="stmt" count="12"/>
      <line num="71" type="stmt" count="12"/>
      <line num="72" type="stmt" count="0"/>
      <line num="73" type="stmt" count="0"/>
      <line num="74" type="stmt" count="0"/>
      <line num="75" type="stmt" count="0"/>
      <line num="76" type="stmt" count="0"/>
      <line num="77" type="stmt" count="0"/>
      <line num="83" type="stmt" count="12"/>
      <line num="86" type="stmt" count="12"/>
      <line num="87" type="stmt" count="1"/>
      <line num="88" type="stmt" count="1"/>
      <line num="89" type="stmt" count="1"/>
      <line num="90" type="stmt" count="1"/>
      <line num="91" type="stmt" count="1"/>
      <line num="92" type="stmt" count="1"/>
      <line num="93" type="stmt" count="1"/>
      <line num="94" type="stmt" count="1"/>
      <line num="95" type="stmt" count="1"/>
      <line num="99" type="stmt" count="12"/>
      <line num="101" type="stmt" count="12"/>
      <line num="102" type="stmt" count="12"/>
      <line num="104" type="stmt" count="12"/>
      <line num="105" type="stmt" count="12"/>
      <line num="106" type="stmt" count="12"/>
      <line num="107" type="stmt" count="12"/>
      <line num="108" type="stmt" count="12"/>
      <line num="109" type="stmt" count="12"/>
      <line num="110" type="stmt" count="12"/>
      <line num="111" type="stmt" count="12"/>
      <line num="112" type="stmt" count="12"/>
      <line num="113" type="stmt" count="12"/>
      <line num="116" type="stmt" count="12"/>
      <line num="117" type="stmt" count="12"/>
      <line num="118" type="stmt" count="12"/>
      <line num="119" type="stmt" count="12"/>
      <line num="120" type="stmt" count="12"/>
      <line num="124" type="stmt" count="12"/>
      <line num="125" type="stmt" count="12"/>
      <line num="126" type="stmt" count="12"/>
      <line num="131" type="stmt" count="12"/>
      <line num="132" type="stmt" count="12"/>
      <line num="134" type="stmt" count="12"/>
      <line num="135" type="stmt" count="3"/>
      <line num="136" type="stmt" count="3"/>
      <line num="137" type="stmt" count="3"/>
      <line num="138" type="stmt" count="3"/>
      <line num="139" type="stmt" count="3"/>
      <line num="140" type="stmt" count="3"/>
      <line num="149" type="stmt" count="9"/>
      <line num="150" type="stmt" count="9"/>
      <line num="151" type="stmt" count="9"/>
      <line num="152" type="stmt" count="9"/>
      <line num="153" type="stmt" count="9"/>
      <line num="158" type="stmt" count="9"/>
      <line num="159" type="stmt" count="9"/>
      <line num="161" type="stmt" count="9"/>
      <line num="162" type="stmt" count="9"/>
      <line num="163" type="stmt" count="9"/>
      <line num="164" type="stmt" count="9"/>
      <line num="165" type="stmt" count="9"/>
      <line num="166" type="stmt" count="9"/>
      <line num="178" type="method" name="execute" visibility="public" complexity="7" crap="7" count="2"/>
      <line num="180" type="stmt" count="2"/>
      <line num="182" type="stmt" count="2"/>
      <line num="183" type="stmt" count="2"/>
      <line num="186" type="stmt" count="2"/>
      <line num="187" type="stmt" count="2"/>
      <line num="188" type="stmt" count="0"/>
      <line num="190" type="stmt" count="2"/>
      <line num="195" type="stmt" count="2"/>
      <line num="200" type="stmt" count="2"/>
      <line num="201" type="stmt" count="2"/>
      <line num="202" type="stmt" count="2"/>
      <line num="203" type="stmt" count="2"/>
      <line num="208" type="stmt" count="2"/>
      <line num="209" type="stmt" count="2"/>
      <line num="210" type="stmt" count="2"/>
      <line num="211" type="stmt" count="2"/>
      <line num="216" type="stmt" count="2"/>
      <line num="221" type="stmt" count="2"/>
      <line num="226" type="stmt" count="2"/>
      <line num="231" type="stmt" count="2"/>
      <line num="232" type="stmt" count="2"/>
      <line num="233" type="stmt" count="2"/>
      <line num="234" type="stmt" count="2"/>
      <line num="235" type="stmt" count="2"/>
      <line num="236" type="stmt" count="2"/>
      <line num="237" type="stmt" count="2"/>
      <line num="238" type="stmt" count="2"/>
      <line num="240" type="stmt" count="2"/>
      <line num="241" type="stmt" count="0"/>
      <line num="252" type="stmt" count="2"/>
      <line num="253" type="stmt" count="2"/>
      <line num="254" type="stmt" count="2"/>
      <line num="255" type="stmt" count="2"/>
      <line num="260" type="stmt" count="2"/>
      <line num="261" type="stmt" count="2"/>
      <line num="262" type="stmt" count="2"/>
      <line num="263" type="stmt" count="2"/>
      <line num="264" type="stmt" count="2"/>
      <line num="265" type="stmt" count="2"/>
      <line num="266" type="stmt" count="2"/>
      <line num="267" type="stmt" count="2"/>
      <line num="272" type="stmt" count="2"/>
      <line num="273" type="stmt" count="2"/>
      <line num="274" type="stmt" count="2"/>
      <line num="279" type="stmt" count="2"/>
      <line num="280" type="stmt" count="2"/>
      <line num="281" type="stmt" count="2"/>
      <line num="286" type="stmt" count="2"/>
      <line num="287" type="stmt" count="2"/>
      <line num="288" type="stmt" count="2"/>
      <line num="293" type="stmt" count="2"/>
      <line num="294" type="stmt" count="2"/>
      <line num="295" type="stmt" count="2"/>
      <line num="296" type="stmt" count="2"/>
      <line num="297" type="stmt" count="2"/>
      <line num="298" type="stmt" count="2"/>
      <line num="299" type="stmt" count="2"/>
      <line num="302" type="stmt" count="2"/>
      <line num="305" type="stmt" count="2"/>
      <line num="306" type="stmt" count="2"/>
      <line num="307" type="stmt" count="2"/>
      <line num="311" type="stmt" count="2"/>
      <line num="313" type="stmt" count="2"/>
      <line num="314" type="stmt" count="2"/>
      <line num="315" type="stmt" count="2"/>
      <line num="316" type="stmt" count="2"/>
      <line num="317" type="stmt" count="2"/>
      <line num="332" type="method" name="run_step" visibility="private" complexity="2" crap="2" count="5"/>
      <line num="334" type="stmt" count="5"/>
      <line num="335" type="stmt" count="1"/>
      <line num="336" type="stmt" count="1"/>
      <line num="337" type="stmt" count="1"/>
      <line num="338" type="stmt" count="1"/>
      <line num="340" type="stmt" count="1"/>
      <line num="341" type="stmt" count="1"/>
      <line num="342" type="stmt" count="1"/>
      <line num="343" type="stmt" count="1"/>
      <line num="356" type="method" name="harden_environment" visibility="private" complexity="1" crap="1" count="5"/>
      <line num="357" type="stmt" count="5"/>
      <line num="360" type="stmt" count="5"/>
      <line num="363" type="stmt" count="5"/>
      <line num="364" type="stmt" count="5"/>
      <line num="368" type="stmt" count="5"/>
      <line num="372" type="stmt" count="5"/>
      <line num="374" type="stmt" count="5"/>
      <line num="375" type="stmt" count="5"/>
      <line num="376" type="stmt" count="5"/>
      <line num="377" type="stmt" count="5"/>
      <line num="383" type="method" name="restore_environment" visibility="private" complexity="2" crap="2" count="5"/>
      <line num="384" type="stmt" count="5"/>
      <line num="386" type="stmt" count="5"/>
      <line num="387" type="stmt" count="5"/>
      <line num="388" type="stmt" count="5"/>
      <line num="389" type="stmt" count="5"/>
      <line num="402" type="method" name="ensure_theme_installed" visibility="private" complexity="7" crap="13.54" count="16"/>
      <line num="403" type="stmt" count="16"/>
      <line num="405" type="stmt" count="16"/>
      <line num="406" type="stmt" count="11"/>
      <line num="407" type="stmt" count="11"/>
      <line num="408" type="stmt" count="11"/>
      <line num="409" type="stmt" count="11"/>
      <line num="412" type="stmt" count="5"/>
      <line num="413" type="stmt" count="0"/>
      <line num="416" type="stmt" count="5"/>
      <line num="417" type="stmt" count="5"/>
      <line num="418" type="stmt" count="5"/>
      <line num="419" type="stmt" count="5"/>
      <line num="420" type="stmt" count="5"/>
      <line num="421" type="stmt" count="5"/>
      <line num="422" type="stmt" count="5"/>
      <line num="424" type="stmt" count="5"/>
      <line num="425" type="stmt" count="5"/>
      <line num="426" type="stmt" count="5"/>
      <line num="427" type="stmt" count="5"/>
      <line num="429" type="stmt" count="5"/>
      <line num="430" type="stmt" count="5"/>
      <line num="431" type="stmt" count="5"/>
      <line num="432" type="stmt" count="5"/>
      <line num="435" type="stmt" count="0"/>
      <line num="436" type="stmt" count="0"/>
      <line num="439" type="stmt" count="0"/>
      <line num="440" type="stmt" count="0"/>
      <line num="441" type="stmt" count="0"/>
      <line num="443" type="stmt" count="0"/>
      <line num="444" type="stmt" count="0"/>
      <line num="445" type="stmt" count="0"/>
      <line num="446" type="stmt" count="0"/>
      <line num="448" type="stmt" count="0"/>
      <line num="449" type="stmt" count="0"/>
      <line num="450" type="stmt" count="0"/>
      <line num="451" type="stmt" count="0"/>
      <line num="454" type="stmt" count="0"/>
      <line num="455" type="stmt" count="0"/>
      <line num="456" type="stmt" count="0"/>
      <line num="457" type="stmt" count="0"/>
      <line num="458" type="stmt" count="0"/>
      <line num="461" type="stmt" count="0"/>
      <line num="462" type="stmt" count="0"/>
      <line num="463" type="stmt" count="0"/>
      <line num="464" type="stmt" count="0"/>
      <line num="476" type="method" name="remove_plugins" visibility="private" complexity="10" crap="11.38" count="4"/>
      <line num="477" type="stmt" count="4"/>
      <line num="479" type="stmt" count="4"/>
      <line num="480" type="stmt" count="0"/>
      <line num="483" type="stmt" count="4"/>
      <line num="484" type="stmt" count="4"/>
      <line num="486" type="stmt" count="4"/>
      <line num="487" type="stmt" count="2"/>
      <line num="488" type="stmt" count="0"/>
      <line num="490" type="stmt" count="2"/>
      <line num="493" type="stmt" count="4"/>
      <line num="494" type="stmt" count="2"/>
      <line num="495" type="stmt" count="2"/>
      <line num="496" type="stmt" count="2"/>
      <line num="497" type="stmt" count="2"/>
      <line num="500" type="stmt" count="2"/>
      <line num="501" type="stmt" count="2"/>
      <line num="503" type="stmt" count="2"/>
      <line num="504" type="stmt" count="2"/>
      <line num="505" type="stmt" count="2"/>
      <line num="506" type="stmt" count="1"/>
      <line num="508" type="stmt" count="2"/>
      <line num="511" type="stmt" count="2"/>
      <line num="512" type="stmt" count="2"/>
      <line num="513" type="stmt" count="2"/>
      <line num="514" type="stmt" count="2"/>
      <line num="516" type="stmt" count="2"/>
      <line num="519" type="stmt" count="0"/>
      <line num="523" type="stmt" count="2"/>
      <line num="525" type="stmt" count="2"/>
      <line num="526" type="stmt" count="0"/>
      <line num="527" type="stmt" count="0"/>
      <line num="528" type="stmt" count="0"/>
      <line num="530" type="stmt" count="0"/>
      <line num="531" type="stmt" count="0"/>
      <line num="532" type="stmt" count="0"/>
      <line num="533" type="stmt" count="0"/>
      <line num="534" type="stmt" count="0"/>
      <line num="535" type="stmt" count="0"/>
      <line num="538" type="stmt" count="2"/>
      <line num="539" type="stmt" count="2"/>
      <line num="540" type="stmt" count="2"/>
      <line num="542" type="stmt" count="2"/>
      <line num="543" type="stmt" count="2"/>
      <line num="544" type="stmt" count="2"/>
      <line num="545" type="stmt" count="2"/>
      <line num="546" type="stmt" count="2"/>
      <line num="547" type="stmt" count="2"/>
      <line num="548" type="stmt" count="2"/>
      <line num="549" type="stmt" count="2"/>
      <line num="550" type="stmt" count="2"/>
      <line num="558" type="method" name="remove_themes" visibility="private" complexity="5" crap="5.58" count="3"/>
      <line num="559" type="stmt" count="3"/>
      <line num="560" type="stmt" count="3"/>
      <line num="562" type="stmt" count="3"/>
      <line num="563" type="stmt" count="3"/>
      <line num="564" type="stmt" count="3"/>
      <line num="566" type="stmt" count="3"/>
      <line num="567" type="stmt" count="3"/>
      <line num="568" type="stmt" count="1"/>
      <line num="571" type="stmt" count="3"/>
      <line num="573" type="stmt" count="3"/>
      <line num="574" type="stmt" count="0"/>
      <line num="576" type="stmt" count="3"/>
      <line num="580" type="stmt" count="3"/>
      <line num="582" type="stmt" count="3"/>
      <line num="583" type="stmt" count="0"/>
      <line num="584" type="stmt" count="0"/>
      <line num="585" type="stmt" count="0"/>
      <line num="587" type="stmt" count="0"/>
      <line num="588" type="stmt" count="0"/>
      <line num="589" type="stmt" count="0"/>
      <line num="590" type="stmt" count="0"/>
      <line num="591" type="stmt" count="0"/>
      <line num="592" type="stmt" count="0"/>
      <line num="595" type="stmt" count="3"/>
      <line num="596" type="stmt" count="3"/>
      <line num="597" type="stmt" count="3"/>
      <line num="599" type="stmt" count="3"/>
      <line num="600" type="stmt" count="3"/>
      <line num="601" type="stmt" count="3"/>
      <line num="602" type="stmt" count="3"/>
      <line num="603" type="stmt" count="3"/>
      <line num="604" type="stmt" count="3"/>
      <line num="605" type="stmt" count="3"/>
      <line num="606" type="stmt" count="3"/>
      <line num="607" type="stmt" count="3"/>
      <line num="615" type="method" name="remove_mu_plugins" visibility="private" complexity="7" crap="7.05" count="11"/>
      <line num="616" type="stmt" count="11"/>
      <line num="618" type="stmt" count="11"/>
      <line num="619" type="stmt" count="0"/>
      <line num="620" type="stmt" count="0"/>
      <line num="622" type="stmt" count="0"/>
      <line num="625" type="stmt" count="11"/>
      <line num="627" type="stmt" count="11"/>
      <line num="628" type="stmt" count="8"/>
      <line num="629" type="stmt" count="8"/>
      <line num="630" type="stmt" count="8"/>
      <line num="631" type="stmt" count="8"/>
      <line num="634" type="stmt" count="3"/>
      <line num="635" type="stmt" count="3"/>
      <line num="637" type="stmt" count="3"/>
      <line num="638" type="stmt" count="1"/>
      <line num="639" type="stmt" count="1"/>
      <line num="640" type="stmt" count="1"/>
      <line num="644" type="stmt" count="3"/>
      <line num="645" type="stmt" count="3"/>
      <line num="646" type="stmt" count="3"/>
      <line num="648" type="stmt" count="3"/>
      <line num="649" type="stmt" count="3"/>
      <line num="650" type="stmt" count="3"/>
      <line num="651" type="stmt" count="3"/>
      <line num="652" type="stmt" count="3"/>
      <line num="653" type="stmt" count="3"/>
      <line num="654" type="stmt" count="3"/>
      <line num="655" type="stmt" count="3"/>
      <line num="656" type="stmt" count="3"/>
      <line num="664" type="method" name="remove_dropins" visibility="private" complexity="6" crap="6.02" count="11"/>
      <line num="665" type="stmt" count="11"/>
      <line num="667" type="stmt" count="11"/>
      <line num="668" type="stmt" count="0"/>
      <line num="669" type="stmt" count="0"/>
      <line num="671" type="stmt" count="0"/>
      <line num="674" type="stmt" count="11"/>
      <line num="675" type="stmt" count="11"/>
      <line num="676" type="stmt" count="11"/>
      <line num="677" type="stmt" count="11"/>
      <line num="678" type="stmt" count="11"/>
      <line num="679" type="stmt" count="11"/>
      <line num="680" type="stmt" count="11"/>
      <line num="681" type="stmt" count="11"/>
      <line num="682" type="stmt" count="11"/>
      <line num="683" type="stmt" count="11"/>
      <line num="684" type="stmt" count="11"/>
      <line num="686" type="stmt" count="11"/>
      <line num="687" type="stmt" count="11"/>
      <line num="689" type="stmt" count="11"/>
      <line num="690" type="stmt" count="11"/>
      <line num="691" type="stmt" count="11"/>
      <line num="692" type="stmt" count="1"/>
      <line num="693" type="stmt" count="1"/>
      <line num="697" type="stmt" count="11"/>
      <line num="698" type="stmt" count="11"/>
      <line num="699" type="stmt" count="11"/>
      <line num="701" type="stmt" count="11"/>
      <line num="702" type="stmt" count="11"/>
      <line num="703" type="stmt" count="11"/>
      <line num="704" type="stmt" count="11"/>
      <line num="705" type="stmt" count="11"/>
      <line num="706" type="stmt" count="11"/>
      <line num="707" type="stmt" count="11"/>
      <line num="708" type="stmt" count="11"/>
      <line num="709" type="stmt" count="11"/>
      <line num="717" type="method" name="clean_wp_content" visibility="private" complexity="5" crap="5" count="4"/>
      <line num="718" type="stmt" count="4"/>
      <line num="720" type="stmt" count="4"/>
      <line num="722" type="stmt" count="4"/>
      <line num="723" type="stmt" count="4"/>
      <line num="724" type="stmt" count="4"/>
      <line num="725" type="stmt" count="4"/>
      <line num="726" type="stmt" count="4"/>
      <line num="727" type="stmt" count="4"/>
      <line num="728" type="stmt" count="4"/>
      <line num="730" type="stmt" count="4"/>
      <line num="731" type="stmt" count="4"/>
      <line num="733" type="stmt" count="4"/>
      <line num="734" type="stmt" count="4"/>
      <line num="735" type="stmt" count="4"/>
      <line num="736" type="stmt" count="4"/>
      <line num="738" type="stmt" count="1"/>
      <line num="739" type="stmt" count="1"/>
      <line num="743" type="stmt" count="4"/>
      <line num="744" type="stmt" count="4"/>
      <line num="745" type="stmt" count="4"/>
      <line num="747" type="stmt" count="4"/>
      <line num="748" type="stmt" count="4"/>
      <line num="749" type="stmt" count="4"/>
      <line num="750" type="stmt" count="4"/>
      <line num="751" type="stmt" count="4"/>
      <line num="752" type="stmt" count="4"/>
      <line num="753" type="stmt" count="4"/>
      <line num="754" type="stmt" count="4"/>
      <line num="755" type="stmt" count="4"/>
      <line num="763" type="method" name="clean_uploads" visibility="private" complexity="4" crap="4" count="3"/>
      <line num="764" type="stmt" count="3"/>
      <line num="766" type="stmt" count="3"/>
      <line num="767" type="stmt" count="3"/>
      <line num="769" type="stmt" count="3"/>
      <line num="770" type="stmt" count="3"/>
      <line num="772" type="stmt" count="3"/>
      <line num="773" type="stmt" count="2"/>
      <line num="774" type="stmt" count="2"/>
      <line num="779" type="stmt" count="3"/>
      <line num="781" type="stmt" count="3"/>
      <line num="782" type="stmt" count="3"/>
      <line num="783" type="stmt" count="3"/>
      <line num="784" type="stmt" count="3"/>
      <line num="797" type="method" name="reset_database" visibility="private" complexity="6" crap="11.34" count="4"/>
      <line num="798" type="stmt" count="4"/>
      <line num="801" type="stmt" count="4"/>
      <line num="803" type="stmt" count="4"/>
      <line num="805" type="stmt" count="4"/>
      <line num="807" type="stmt" count="4"/>
      <line num="809" type="stmt" count="4"/>
      <line num="813" type="stmt" count="4"/>
      <line num="815" type="stmt" count="4"/>
      <line num="816" type="stmt" count="1"/>
      <line num="824" type="stmt" count="4"/>
      <line num="825" type="stmt" count="0"/>
      <line num="826" type="stmt" count="0"/>
      <line num="828" type="stmt" count="0"/>
      <line num="829" type="stmt" count="0"/>
      <line num="830" type="stmt" count="0"/>
      <line num="832" type="stmt" count="0"/>
      <line num="833" type="stmt" count="0"/>
      <line num="834" type="stmt" count="0"/>
      <line num="835" type="stmt" count="0"/>
      <line num="836" type="stmt" count="0"/>
      <line num="839" type="stmt" count="4"/>
      <line num="840" type="stmt" count="0"/>
      <line num="841" type="stmt" count="0"/>
      <line num="842" type="stmt" count="0"/>
      <line num="844" type="stmt" count="0"/>
      <line num="845" type="stmt" count="0"/>
      <line num="846" type="stmt" count="0"/>
      <line num="847" type="stmt" count="0"/>
      <line num="848" type="stmt" count="0"/>
      <line num="851" type="stmt" count="4"/>
      <line num="852" type="stmt" count="4"/>
      <line num="853" type="stmt" count="4"/>
      <line num="854" type="stmt" count="4"/>
      <line num="855" type="stmt" count="4"/>
      <line num="868" type="method" name="restore_values" visibility="private" complexity="4" crap="4" count="5"/>
      <line num="869" type="stmt" count="5"/>
      <line num="871" type="stmt" count="5"/>
      <line num="872" type="stmt" count="2"/>
      <line num="873" type="stmt" count="2"/>
      <line num="874" type="stmt" count="2"/>
      <line num="875" type="stmt" count="2"/>
      <line num="878" type="stmt" count="3"/>
      <line num="881" type="stmt" count="3"/>
      <line num="882" type="stmt" count="3"/>
      <line num="883" type="stmt" count="3"/>
      <line num="884" type="stmt" count="3"/>
      <line num="885" type="stmt" count="3"/>
      <line num="886" type="stmt" count="3"/>
      <line num="887" type="stmt" count="3"/>
      <line num="888" type="stmt" count="3"/>
      <line num="890" type="stmt" count="3"/>
      <line num="891" type="stmt" count="3"/>
      <line num="892" type="stmt" count="3"/>
      <line num="893" type="stmt" count="3"/>
      <line num="895" type="stmt" count="3"/>
      <line num="896" type="stmt" count="0"/>
      <line num="898" type="stmt" count="3"/>
      <line num="900" type="stmt" count="3"/>
      <line num="901" type="stmt" count="3"/>
      <line num="902" type="stmt" count="3"/>
      <line num="903" type="stmt" count="3"/>
      <line num="911" type="method" name="reinstall_core" visibility="private" complexity="11" crap="51.52" count="3"/>
      <line num="912" type="stmt" count="3"/>
      <line num="913" type="stmt" count="0"/>
      <line num="915" type="stmt" count="3"/>
      <line num="916" type="stmt" count="0"/>
      <line num="919" type="stmt" count="3"/>
      <line num="920" type="stmt" count="3"/>
      <line num="922" type="stmt" count="3"/>
      <line num="923" type="stmt" count="3"/>
      <line num="924" type="stmt" count="0"/>
      <line num="925" type="stmt" count="3"/>
      <line num="926" type="stmt" count="3"/>
      <line num="927" type="stmt" count="3"/>
      <line num="928" type="stmt" count="3"/>
      <line num="929" type="stmt" count="3"/>
      <line num="932" type="stmt" count="0"/>
      <line num="933" type="stmt" count="0"/>
      <line num="935" type="stmt" count="0"/>
      <line num="936" type="stmt" count="0"/>
      <line num="937" type="stmt" count="0"/>
      <line num="939" type="stmt" count="0"/>
      <line num="941" type="stmt" count="0"/>
      <line num="942" type="stmt" count="0"/>
      <line num="945" type="stmt" count="0"/>
      <line num="946" type="stmt" count="0"/>
      <line num="947" type="stmt" count="0"/>
      <line num="948" type="stmt" count="0"/>
      <line num="950" type="stmt" count="0"/>
      <line num="951" type="stmt" count="0"/>
      <line num="952" type="stmt" count="0"/>
      <line num="953" type="stmt" count="0"/>
      <line num="954" type="stmt" count="0"/>
      <line num="955" type="stmt" count="0"/>
      <line num="958" type="stmt" count="0"/>
      <line num="959" type="stmt" count="0"/>
      <line num="960" type="stmt" count="0"/>
      <line num="961" type="stmt" count="0"/>
      <line num="969" type="method" name="reinstall_theme" visibility="private" complexity="3" crap="3" count="3"/>
      <line num="970" type="stmt" count="3"/>
      <line num="972" type="stmt" count="3"/>
      <line num="973" type="stmt" count="3"/>
      <line num="976" type="stmt" count="3"/>
      <line num="977" type="stmt" count="3"/>
      <line num="980" type="stmt" count="3"/>
      <line num="982" type="stmt" count="3"/>
      <line num="983" type="stmt" count="1"/>
      <line num="984" type="stmt" count="1"/>
      <line num="985" type="stmt" count="1"/>
      <line num="987" type="stmt" count="1"/>
      <line num="988" type="stmt" count="1"/>
      <line num="989" type="stmt" count="1"/>
      <line num="990" type="stmt" count="1"/>
      <line num="994" type="stmt" count="2"/>
      <line num="996" type="stmt" count="2"/>
      <line num="997" type="stmt" count="2"/>
      <line num="998" type="stmt" count="2"/>
      <line num="999" type="stmt" count="2"/>
      <line num="1008" type="method" name="restore_nfd_data" visibility="private" complexity="9" crap="9" count="9"/>
      <line num="1009" type="stmt" count="9"/>
      <line num="1012" type="stmt" count="9"/>
      <line num="1013" type="stmt" count="3"/>
      <line num="1014" type="stmt" count="3"/>
      <line num="1018" type="stmt" count="9"/>
      <line num="1019" type="stmt" count="2"/>
      <line num="1020" type="stmt" count="2"/>
      <line num="1024" type="stmt" count="9"/>
      <line num="1025" type="stmt" count="2"/>
      <line num="1026" type="stmt" count="2"/>
      <line num="1030" type="stmt" count="9"/>
      <line num="1031" type="stmt" count="2"/>
      <line num="1032" type="stmt" count="2"/>
      <line num="1033" type="stmt" count="1"/>
      <line num="1034" type="stmt" count="1"/>
      <line num="1039" type="stmt" count="9"/>
      <line num="1040" type="stmt" count="2"/>
      <line num="1041" type="stmt" count="2"/>
      <line num="1045" type="stmt" count="9"/>
      <line num="1046" type="stmt" count="9"/>
      <line num="1048" type="stmt" count="9"/>
      <line num="1049" type="stmt" count="9"/>
      <line num="1050" type="stmt" count="9"/>
      <line num="1051" type="stmt" count="9"/>
      <line num="1060" type="method" name="restore_session" visibility="private" complexity="1" crap="1" count="3"/>
      <line num="1061" type="stmt" count="3"/>
      <line num="1062" type="stmt" count="3"/>
      <line num="1064" type="stmt" count="3"/>
      <line num="1065" type="stmt" count="3"/>
      <line num="1066" type="stmt" count="3"/>
      <line num="1067" type="stmt" count="3"/>
      <line num="1075" type="method" name="verify_fresh_install" visibility="private" complexity="10" crap="10.17" count="3"/>
      <line num="1076" type="stmt" count="3"/>
      <line num="1078" type="stmt" count="3"/>
      <line num="1079" type="stmt" count="3"/>
      <line num="1080" type="stmt" count="3"/>
      <line num="1081" type="stmt" count="3"/>
      <line num="1082" type="stmt" count="3"/>
      <line num="1083" type="stmt" count="3"/>
      <line num="1084" type="stmt" count="3"/>
      <line num="1085" type="stmt" count="3"/>
      <line num="1086" type="stmt" count="3"/>
      <line num="1087" type="stmt" count="3"/>
      <line num="1088" type="stmt" count="3"/>
      <line num="1090" type="stmt" count="3"/>
      <line num="1091" type="stmt" count="3"/>
      <line num="1094" type="stmt" count="3"/>
      <line num="1095" type="stmt" count="3"/>
      <line num="1096" type="stmt" count="3"/>
      <line num="1097" type="stmt" count="3"/>
      <line num="1098" type="stmt" count="3"/>
      <line num="1099" type="stmt" count="3"/>
      <line num="1100" type="stmt" count="3"/>
      <line num="1101" type="stmt" count="3"/>
      <line num="1102" type="stmt" count="3"/>
      <line num="1103" type="stmt" count="3"/>
      <line num="1104" type="stmt" count="3"/>
      <line num="1106" type="stmt" count="3"/>
      <line num="1107" type="stmt" count="2"/>
      <line num="1108" type="stmt" count="0"/>
      <line num="1112" type="stmt" count="3"/>
      <line num="1113" type="stmt" count="3"/>
      <line num="1114" type="stmt" count="0"/>
      <line num="1117" type="stmt" count="3"/>
      <line num="1118" type="stmt" count="3"/>
      <line num="1119" type="stmt" count="3"/>
      <line num="1120" type="stmt" count="3"/>
      <line num="1122" type="stmt" count="3"/>
      <line num="1123" type="stmt" count="3"/>
      <line num="1124" type="stmt" count="3"/>
      <line num="1127" type="stmt" count="3"/>
      <line num="1128" type="stmt" count="3"/>
      <line num="1129" type="stmt" count="3"/>
      <line num="1130" type="stmt" count="3"/>
      <line num="1132" type="stmt" count="3"/>
      <line num="1133" type="stmt" count="3"/>
      <line num="1134" type="stmt" count="3"/>
      <line num="1135" type="stmt" count="3"/>
      <line num="1138" type="stmt" count="0"/>
      <line num="1139" type="stmt" count="0"/>
      <line num="1140" type="stmt" count="0"/>
      <line num="1141" type="stmt" count="0"/>
      <line num="1152" type="method" name="get_step_label" visibility="public" complexity="2" crap="2" count="5"/>
      <line num="1153" type="stmt" count="5"/>
      <line num="1154" type="stmt" count="5"/>
      <line num="1155" type="stmt" count="5"/>
      <line num="1156" type="stmt" count="5"/>
      <line num="1157" type="stmt" count="5"/>
      <line num="1158" type="stmt" count="5"/>
      <line num="1159" type="stmt" count="5"/>
      <line num="1160" type="stmt" count="5"/>
      <line num="1161" type="stmt" count="5"/>
      <line num="1162" type="stmt" count="5"/>
      <line num="1163" type="stmt" count="5"/>
      <line num="1164" type="stmt" count="5"/>
      <line num="1165" type="stmt" count="5"/>
      <line num="1166" type="stmt" count="5"/>
      <line num="1167" type="stmt" count="5"/>
      <line num="1168" type="stmt" count="5"/>
      <line num="1169" type="stmt" count="5"/>
      <line num="1170" type="stmt" count="5"/>
      <line num="1171" type="stmt" count="5"/>
      <line num="1173" type="stmt" count="5"/>
      <line num="1174" type="stmt" count="4"/>
      <line num="1177" type="stmt" count="1"/>
      <metrics loc="1180" ncloc="915" classes="1" methods="20" coveredmethods="9" conditionals="0" coveredconditionals="0" statements="626" coveredstatements="510" elements="646" coveredelements="519"/>
    </file>
    <file name="/home/runner/work/wp-module-reset/wp-module-reset/includes/Services/SilentUpgraderSkin.php">
      <class name="NewfoldLabs\WP\Module\Reset\Services\SilentUpgraderSkin" namespace="global">
        <metrics complexity="8" methods="2" coveredmethods="2" conditionals="0" coveredconditionals="0" statements="10" coveredstatements="10" elements="12" coveredelements="12"/>
      </class>
      <line num="31" type="method" name="feedback" visibility="public" complexity="4" crap="4" count="6"/>
      <line num="32" type="stmt" count="6"/>
      <line num="33" type="stmt" count="2"/>
      <line num="35" type="stmt" count="6"/>
      <line num="36" type="stmt" count="2"/>
      <line num="38" type="stmt" count="6"/>
      <line num="46" type="method" name="error" visibility="public" complexity="4" crap="4" count="4"/>
      <line num="47" type="stmt" count="4"/>
      <line num="48" type="stmt" count="2"/>
      <line num="49" type="stmt" count="2"/>
      <line num="51" type="stmt" count="3"/>
      <line num="52" type="stmt" count="2"/>
      <metrics loc="56" ncloc="31" classes="1" methods="2" coveredmethods="2" conditionals="0" coveredconditionals="0" statements="10" coveredstatements="10" elements="12" coveredelements="12"/>
    </file>
    <metrics files="9" loc="2286" ncloc="1770" classes="9" methods="49" coveredmethods="33" conditionals="0" coveredconditionals="0" statements="1075" coveredstatements="935" elements="1124" coveredelements="968"/>
  </project>
</coverage>
